Arguments: 
  /Applications/Framer X.app/Contents/Resources/Node/bin/node /Applications/Framer X.app/Contents/Resources/Server/node_modules/yarn/bin/yarn.js outdated --cwd /Users/tgermeau/Documents/GitHub/explore/Explore.framerfx --skip-integrity-check --cache-folder /Users/tgermeau/Library/Caches/Framer/yarn/cache --mutex file:/Users/tgermeau/Library/Caches/Framer/yarn/mutex --json --ignore-scripts --link-folder /Users/tgermeau/Library/Application Support/Framer X/yarn-link-folder

PATH: 
  undefined

Yarn version: 
  1.15.2

Node version: 
  10.13.0

Platform: 
  darwin x64

Trace: 
  Error: getaddrinfo ENOTFOUND registry.framer.com registry.framer.com:443
      at GetAddrInfoReqWrap.onlookup [as oncomplete] (dns.js:57:26)

npm manifest: 
  {
  	"main": "dist/index.js",
  	"license": "MIT",
  	"devDependencies": {
  		"@framer/framer.device-hand-iphone-1": "^1.0.0",
  		"@framer/framer.device-hand-iphone-2": "^1.0.0",
  		"@framer/framer.device-skin-apple-iphone8-gold": "^1.0.0",
  		"@framer/framer.device-skin-apple-iphone8-silver": "^1.0.0",
  		"@framer/framer.device-skin-apple-iphone8-space-gray": "^1.0.0",
  		"@types/react": "^16.4.16"
  	},
  	"peerDependencies": {
  		"framer": "^0.10.1 || ^1",
  		"react": "^16.8.0",
  		"react-dom": "^16.8.0"
  	},
  	"framer": {
  		"id": "c9bc8a6b-ce96-414a-81b7-fbc763dc5c87"
  	},
  	"author": "Tom G",
  	"dependencies": {
  		"@framer/framer.examples": "^1.5.0",
  		"@framer/mapbox.mapbox": "^1.3.0",
  		"cpdata": "file:../cpdata"
  	}
  }

yarn manifest: 
  No manifest

Lockfile: 
  # THIS IS AN AUTOGENERATED FILE. DO NOT EDIT THIS FILE DIRECTLY.
  # yarn lockfile v1
  
  
  "@babel/runtime@^7.0.0":
    version "7.4.3"
    resolved "https://registry.yarnpkg.com/@babel/runtime/-/runtime-7.4.3.tgz#79888e452034223ad9609187a0ad1fe0d2ad4bdc"
    integrity sha512-9lsJwJLxDh/T3Q3SZszfWOTkk3pHbkmH+3KY+zwIDmsNlxsumuhS2TH3NIpktU4kNvfzy+k3eLT7aTJSPTo0OA==
    dependencies:
      regenerator-runtime "^0.13.2"
  
  "@framer/framer.device-hand-iphone-1@^1.0.0":
    version "1.0.0"
    resolved "https://registry.framer.com/@framer/framer.device-hand-iphone-1/-/@framer/framer.device-hand-iphone-1-1.0.0.tgz#0fbfd5313694b8834b91b138c9a961e59cfea1fd"
    integrity sha512-Ed19vZ83g7h27/HBTnLddyBtO8pY6KcrqoSmeGPJYnnWltFgrbS+QWzLo12UQqnHjcK0efyniWoT7H73qhJYUQ==
  
  "@framer/framer.device-hand-iphone-2@^1.0.0":
    version "1.0.0"
    resolved "https://registry.framer.com/@framer/framer.device-hand-iphone-2/-/@framer/framer.device-hand-iphone-2-1.0.0.tgz#201c6b49236e837f931d0240cb434e396151d4f0"
    integrity sha512-5EX3fF8B0t419kRFa0/NpHbmV/ffrH4bB1/0neoGUixea4VQ2ZX1RdAL/xq8QWTGDgaHGDKnrW39cOl8GIhFTA==
  
  "@framer/framer.device-skin-apple-iphone8-gold@^1.0.0":
    version "1.0.0"
    resolved "https://registry.framer.com/@framer/framer.device-skin-apple-iphone8-gold/-/@framer/framer.device-skin-apple-iphone8-gold-1.0.0.tgz#698d4b10e247e66d849e0ba5df0c457dc14cea0b"
    integrity sha512-eDYjEMGojWih8xXjilgJwAQifNRsiX1TWZvkMnSUeT1ZbmPSQCar9XJFGTaSBBh7Kv2RJvHPlqFr0gAGPIiAjA==
  
  "@framer/framer.device-skin-apple-iphone8-silver@^1.0.0":
    version "1.0.0"
    resolved "https://registry.framer.com/@framer/framer.device-skin-apple-iphone8-silver/-/@framer/framer.device-skin-apple-iphone8-silver-1.0.0.tgz#f120cfe6d8cf96ead1f656ab7eeddb23d0644ac1"
    integrity sha512-EWPkH8T/pHrt84uOGRXGFhsfymXI9g9o55PbHcuPEW6c3kyUZULfFcaMdvd+InFIyS46oREybbxHzk7E3o859w==
  
  "@framer/framer.device-skin-apple-iphone8-space-gray@^1.0.0":
    version "1.0.0"
    resolved "https://registry.framer.com/@framer/framer.device-skin-apple-iphone8-space-gray/-/@framer/framer.device-skin-apple-iphone8-space-gray-1.0.0.tgz#336e100533d33e4fc7cd10507ccf64a8bc96637a"
    integrity sha512-WNnCJXI6Pgpep5tK2SQ5NVhPf7fBZIMvLWdYTF0nS0mG0QfWKgllT5YN3LGwKqOYI7mnzSlOQR1PPFFk8gOVVA==
  
  "@framer/framer.examples@^1.5.0":
    version "1.5.0"
    resolved "https://registry.framer.com/@framer/framer.examples/-/@framer/framer.examples-1.5.0.tgz#3895e6052f47697f353cc18d48694049b473b047"
    integrity sha1-OJXmBS9HaX81PMGNSGlASbRzsEc=
  
  "@framer/mapbox.mapbox@^1.3.0":
    version "1.3.0"
    resolved "https://registry.framer.com/@framer/mapbox.mapbox/-/@framer/mapbox.mapbox-1.3.0.tgz#66dabc24f5083cdc8c17e78e1af34df8b276de36"
    integrity sha512-NQ1O8maIrprV2V/cPr+Z8LKTuKeqO708bdoR5cb4/5odXUgDKstpHQ8EcTj+pPqNi0jv/NT9/CUII3Vdw69PEQ==
    dependencies:
      immer "^2.1.0"
      react-map-gl "^4.0.12"
      react-map-gl-geocoder "^1.7.0"
  
  "@mapbox/geojson-area@0.2.2":
    version "0.2.2"
    resolved "https://registry.yarnpkg.com/@mapbox/geojson-area/-/geojson-area-0.2.2.tgz#18d7814aa36bf23fbbcc379f8e26a22927debf10"
    integrity sha1-GNeBSqNr8j+7zDefjiaiKSfevxA=
    dependencies:
      wgs84 "0.0.0"
  
  "@mapbox/geojson-rewind@^0.4.0":
    version "0.4.0"
    resolved "https://registry.yarnpkg.com/@mapbox/geojson-rewind/-/geojson-rewind-0.4.0.tgz#0d3632d4c1b4a928cf10a06ade387e1c8a8c181b"
    integrity sha512-b+1uPWBERW4Pet/969BNu61ZPDyH2ilIxBjJDFzxyS9TyszF9UrTQyYIl/G38clux3rtpAGGFSGTCSF/qR6UjA==
    dependencies:
      "@mapbox/geojson-area" "0.2.2"
      concat-stream "~1.6.0"
      minimist "1.2.0"
      sharkdown "^0.1.0"
  
  "@mapbox/geojson-types@^1.0.2":
    version "1.0.2"
    resolved "https://registry.yarnpkg.com/@mapbox/geojson-types/-/geojson-types-1.0.2.tgz#9aecf642cb00eab1080a57c4f949a65b4a5846d6"
    integrity sha512-e9EBqHHv3EORHrSfbR9DqecPNn+AmuAoQxV6aL8Xu30bJMJR1o8PZLZzpk1Wq7/NfCbuhmakHTPYRhoqLsXRnw==
  
  "@mapbox/jsonlint-lines-primitives@^2.0.2":
    version "2.0.2"
    resolved "https://registry.yarnpkg.com/@mapbox/jsonlint-lines-primitives/-/jsonlint-lines-primitives-2.0.2.tgz#ce56e539f83552b58d10d672ea4d6fc9adc7b234"
    integrity sha1-zlblOfg1UrWNENZy6k1vya3HsjQ=
  
  "@mapbox/mapbox-gl-geocoder@^2.3.0":
    version "2.3.0"
    resolved "https://registry.yarnpkg.com/@mapbox/mapbox-gl-geocoder/-/mapbox-gl-geocoder-2.3.0.tgz#d61a1c76acd81a6d4003f96da4741c3f41783d14"
    integrity sha512-WWM2eDTjly/ELMBVbeDvlVvALYw5V/Fv6/R3thKpt7G8qf3a+f1ZBg8Zd6WyWMgXD+8Fam35xwrqdPKmoMEvbQ==
    dependencies:
      lodash.debounce "^4.0.6"
      mapbox "1.0.0-beta9"
      suggestions "^1.3.2"
      xtend "^4.0.1"
  
  "@mapbox/mapbox-gl-supported@^1.4.0":
    version "1.4.0"
    resolved "https://registry.yarnpkg.com/@mapbox/mapbox-gl-supported/-/mapbox-gl-supported-1.4.0.tgz#36946b22944fe2cfa43cfafd5ef36fdb54a069e4"
    integrity sha512-ZD0Io4XK+/vU/4zpANjOtdWfVszAgnaMPsGR6LKsWh4kLIEv9qoobTVmJPPuwuM+ZI2b3BlZ6DYw1XHVmv6YTA==
  
  "@mapbox/point-geometry@0.1.0", "@mapbox/point-geometry@^0.1.0", "@mapbox/point-geometry@~0.1.0":
    version "0.1.0"
    resolved "https://registry.yarnpkg.com/@mapbox/point-geometry/-/point-geometry-0.1.0.tgz#8a83f9335c7860effa2eeeca254332aa0aeed8f2"
    integrity sha1-ioP5M1x4YO/6Lu7KJUMyqgru2PI=
  
  "@mapbox/tiny-sdf@^1.1.0":
    version "1.1.0"
    resolved "https://registry.yarnpkg.com/@mapbox/tiny-sdf/-/tiny-sdf-1.1.0.tgz#b0b8f5c22005e6ddb838f421ffd257c1f74f9a20"
    integrity sha512-dnhyk8X2BkDRWImgHILYAGgo+kuciNYX30CUKj/Qd5eNjh54OWM/mdOS/PWsPeN+3abtN+QDGYM4G220ynVJKA==
  
  "@mapbox/unitbezier@^0.0.0":
    version "0.0.0"
    resolved "https://registry.yarnpkg.com/@mapbox/unitbezier/-/unitbezier-0.0.0.tgz#15651bd553a67b8581fb398810c98ad86a34524e"
    integrity sha1-FWUb1VOme4WB+zmIEMmK2Go0Uk4=
  
  "@mapbox/vector-tile@^1.3.1":
    version "1.3.1"
    resolved "https://registry.yarnpkg.com/@mapbox/vector-tile/-/vector-tile-1.3.1.tgz#d3a74c90402d06e89ec66de49ec817ff53409666"
    integrity sha512-MCEddb8u44/xfQ3oD+Srl/tNcQoqTw3goGk2oLsrFxOTc3dUp+kAnby3PvAeeBYSMSjSPD1nd1AJA6W49WnoUw==
    dependencies:
      "@mapbox/point-geometry" "~0.1.0"
  
  "@mapbox/whoots-js@^3.1.0":
    version "3.1.0"
    resolved "https://registry.yarnpkg.com/@mapbox/whoots-js/-/whoots-js-3.1.0.tgz#497c67a1cef50d1a2459ba60f315e448d2ad87fe"
    integrity sha512-Es6WcD0nO5l+2BOQS4uLfNPYQaNDfbot3X1XUoloz+x0mPDS3eeORZJl06HXjwBG1fOGwCRnzK88LMdxKRrd6Q==
  
  "@types/prop-types@*":
    version "15.5.6"
    resolved "https://registry.yarnpkg.com/@types/prop-types/-/prop-types-15.5.6.tgz#9c03d3fed70a8d517c191b7734da2879b50ca26c"
  
  "@types/react@^16.4.16":
    version "16.4.16"
    resolved "https://registry.yarnpkg.com/@types/react/-/react-16.4.16.tgz#99f91b1200ae8c2062030402006d3b3c3a177043"
    dependencies:
      "@types/prop-types" "*"
      csstype "^2.2.0"
  
  ansicolors@~0.2.1:
    version "0.2.1"
    resolved "https://registry.yarnpkg.com/ansicolors/-/ansicolors-0.2.1.tgz#be089599097b74a5c9c4a84a0cdbcdb62bd87aef"
    integrity sha1-vgiVmQl7dKXJxKhKDNvNtivYeu8=
  
  buffer-from@^1.0.0:
    version "1.1.1"
    resolved "https://registry.yarnpkg.com/buffer-from/-/buffer-from-1.1.1.tgz#32713bc028f75c02fdb710d7c7bcec1f2c6070ef"
    integrity sha512-MQcXEUbCKtEo7bhqEs6560Hyd4XaovZlO/k9V3hjVUF/zwW7KBVdSK4gIt/bzwS9MbR5qob+F5jusZsb0YQK2A==
  
  cardinal@~0.4.2:
    version "0.4.4"
    resolved "https://registry.yarnpkg.com/cardinal/-/cardinal-0.4.4.tgz#ca5bb68a5b511b90fe93b9acea49bdee5c32bfe2"
    integrity sha1-ylu2iltRG5D+k7ms6km97lwyv+I=
    dependencies:
      ansicolors "~0.2.1"
      redeyed "~0.4.0"
  
  concat-stream@~1.6.0:
    version "1.6.2"
    resolved "https://registry.yarnpkg.com/concat-stream/-/concat-stream-1.6.2.tgz#904bdf194cd3122fc675c77fc4ac3d4ff0fd1a34"
    integrity sha512-27HBghJxjiZtIk3Ycvn/4kbJk/1uZuJFfuPEns6LaEvpvG1f0hTea8lilrouyo9mVc2GWdcEZ8OLoGmSADlrCw==
    dependencies:
      buffer-from "^1.0.0"
      inherits "^2.0.3"
      readable-stream "^2.2.2"
      typedarray "^0.0.6"
  
  core-util-is@~1.0.0:
    version "1.0.2"
    resolved "https://registry.yarnpkg.com/core-util-is/-/core-util-is-1.0.2.tgz#b5fd54220aa2bc5ab57aab7140c940754503c1a7"
    integrity sha1-tf1UIgqivFq1eqtxQMlAdUUDwac=
  
  "cpdata@file:../cpdata":
    version "1.0.0"
  
  csscolorparser@~1.0.2:
    version "1.0.3"
    resolved "https://registry.yarnpkg.com/csscolorparser/-/csscolorparser-1.0.3.tgz#b34f391eea4da8f3e98231e2ccd8df9c041f171b"
    integrity sha1-s085HupNqPPpgjHizNjfnAQfFxs=
  
  csstype@^2.2.0:
    version "2.5.5"
    resolved "https://registry.yarnpkg.com/csstype/-/csstype-2.5.5.tgz#4125484a3d42189a863943f23b9e4b80fedfa106"
  
  earcut@^2.1.5:
    version "2.1.5"
    resolved "https://registry.yarnpkg.com/earcut/-/earcut-2.1.5.tgz#829280a9a3a0f5fee0529f0a47c3e4eff09b21e4"
    integrity sha512-QFWC7ywTVLtvRAJTVp8ugsuuGQ5mVqNmJ1cRYeLrSHgP3nycr2RHTJob9OtM0v8ujuoKN0NY1a93J/omeTL1PA==
  
  es6-promise@^4.0.5:
    version "4.2.6"
    resolved "https://registry.yarnpkg.com/es6-promise/-/es6-promise-4.2.6.tgz#b685edd8258886365ea62b57d30de28fadcd974f"
    integrity sha512-aRVgGdnmW2OiySVPUC9e6m+plolMAJKjZnQlCwNSuK5yQ0JN61DZSO1X1Ufd1foqWRAlig0rhduTCHe7sVtK5Q==
  
  esm@^3.0.84:
    version "3.2.22"
    resolved "https://registry.yarnpkg.com/esm/-/esm-3.2.22.tgz#5062c2e22fee3ccfee4e8f20da768330da90d6e3"
    integrity sha512-z8YG7U44L82j1XrdEJcqZOLUnjxco8pO453gKOlaMD1/md1n/5QrscAmYG+oKUspsmDLuBFZrpbxI6aQ67yRxA==
  
  esprima@~1.0.4:
    version "1.0.4"
    resolved "https://registry.yarnpkg.com/esprima/-/esprima-1.0.4.tgz#9f557e08fc3b4d26ece9dd34f8fbf476b62585ad"
    integrity sha1-n1V+CPw7TSbs6d00+Pv0drYlha0=
  
  fuzzy@^0.1.1:
    version "0.1.3"
    resolved "https://registry.yarnpkg.com/fuzzy/-/fuzzy-0.1.3.tgz#4c76ec2ff0ac1a36a9dccf9a00df8623078d4ed8"
    integrity sha1-THbsL/CsGjap3M+aAN+GIweNTtg=
  
  geojson-vt@^3.2.1:
    version "3.2.1"
    resolved "https://registry.yarnpkg.com/geojson-vt/-/geojson-vt-3.2.1.tgz#f8adb614d2c1d3f6ee7c4265cad4bbf3ad60c8b7"
    integrity sha512-EvGQQi/zPrDA6zr6BnJD/YhwAkBP8nnJ9emh3EnHQKVMfg/MRVtPbMYdgVy/IaEmn4UfagD2a6fafPDL5hbtwg==
  
  gl-matrix@^3.0.0:
    version "3.0.0"
    resolved "https://registry.yarnpkg.com/gl-matrix/-/gl-matrix-3.0.0.tgz#888301ac7650e148c3865370e13ec66d08a8381f"
    integrity sha512-PD4mVH/C/Zs64kOozeFnKY8ybhgwxXXQYGWdB4h68krAHknWJgk9uKOn6z8YElh5//vs++90pb6csrTIDWnexA==
  
  grid-index@^1.1.0:
    version "1.1.0"
    resolved "https://registry.yarnpkg.com/grid-index/-/grid-index-1.1.0.tgz#97f8221edec1026c8377b86446a7c71e79522ea7"
    integrity sha512-HZRwumpOGUrHyxO5bqKZL0B0GlUpwtCAzZ42sgxUPniu33R1LSFH5yrIcBCHjkctCAh3mtWKcKd9J4vDDdeVHA==
  
  hammerjs@^2.0.8:
    version "2.0.8"
    resolved "https://registry.yarnpkg.com/hammerjs/-/hammerjs-2.0.8.tgz#04ef77862cff2bb79d30f7692095930222bf60f1"
    integrity sha1-BO93hiz/K7edMPdpIJWTAiK/YPE=
  
  ieee754@^1.1.12:
    version "1.1.13"
    resolved "https://registry.yarnpkg.com/ieee754/-/ieee754-1.1.13.tgz#ec168558e95aa181fd87d37f55c32bbcb6708b84"
    integrity sha512-4vf7I2LYV/HaWerSo3XmlMkp5eZ83i+/CDluXi/IGTs/O1sejBNhTtnxzmRZfvOUqj7lZjqHkeTvpgSFDlWZTg==
  
  immer@^2.1.0:
    version "2.1.5"
    resolved "https://registry.yarnpkg.com/immer/-/immer-2.1.5.tgz#0389947455c5a2c7a47f1e6f415c9d1a62a1ebed"
    integrity sha512-xyjQyTBYIeiz6jd02Hg12jV+9QISwF1crLcwTlzHpWH4e0ryNWj1kacpTwimK3bJV5NKKXw458G2vpqoB/inFA==
  
  inherits@^2.0.3, inherits@~2.0.3:
    version "2.0.3"
    resolved "https://registry.yarnpkg.com/inherits/-/inherits-2.0.3.tgz#633c2c83e3da42a502f52466022480f4208261de"
    integrity sha1-Yzwsg+PaQqUC9SRmAiSA9CCCYd4=
  
  isarray@~1.0.0:
    version "1.0.0"
    resolved "https://registry.yarnpkg.com/isarray/-/isarray-1.0.0.tgz#bb935d48582cba168c06834957a54a3e07124f11"
    integrity sha1-u5NdSFgsuhaMBoNJV6VKPgcSTxE=
  
  "js-tokens@^3.0.0 || ^4.0.0":
    version "4.0.0"
    resolved "https://registry.yarnpkg.com/js-tokens/-/js-tokens-4.0.0.tgz#19203fb59991df98e3a287050d4647cdeaf32499"
    integrity sha512-RdJUflcE3cUzKiMqQgsCu06FPu9UdIJO0beYbPhHN4k6apgJtifcoCtT9bcxOpYBtpD2kCM6Sbzg4CausW/PKQ==
  
  kdbush@^3.0.0:
    version "3.0.0"
    resolved "https://registry.yarnpkg.com/kdbush/-/kdbush-3.0.0.tgz#f8484794d47004cc2d85ed3a79353dbe0abc2bf0"
    integrity sha512-hRkd6/XW4HTsA9vjVpY9tuXJYLSlelnkTmVFu4M9/7MIYQtFcHpbugAU7UbOfjOiVSVYl2fqgBuJ32JUmRo5Ew==
  
  lodash.debounce@^4.0.6:
    version "4.0.8"
    resolved "https://registry.yarnpkg.com/lodash.debounce/-/lodash.debounce-4.0.8.tgz#82d79bff30a67c4005ffd5e2515300ad9ca4d7af"
    integrity sha1-gteb/zCmfEAF/9XiUVMArZyk168=
  
  loose-envify@^1.4.0:
    version "1.4.0"
    resolved "https://registry.yarnpkg.com/loose-envify/-/loose-envify-1.4.0.tgz#71ee51fa7be4caec1a63839f7e682d8132d30caf"
    integrity sha512-lyuxPGr/Wfhrlem2CL/UcnUc1zcqKAImBDzukY7Y5F/yQiNdko6+fRLevlw1HgMySw7f611UIY408EtxRSoK3Q==
    dependencies:
      js-tokens "^3.0.0 || ^4.0.0"
  
  mapbox-gl@~0.53.0:
    version "0.53.1"
    resolved "https://registry.yarnpkg.com/mapbox-gl/-/mapbox-gl-0.53.1.tgz#08a956d8da54b04bc7f29ab1319bddb9c97ddedf"
    integrity sha512-dTtW/qlkUowKGlqOhE8fqII2Tj4lcokvlZwUDLnkjy4uQ9zMFnVBULGeSzzTVkj9HtQZ3Zbey10/jmoVPV9t5w==
    dependencies:
      "@mapbox/geojson-rewind" "^0.4.0"
      "@mapbox/geojson-types" "^1.0.2"
      "@mapbox/jsonlint-lines-primitives" "^2.0.2"
      "@mapbox/mapbox-gl-supported" "^1.4.0"
      "@mapbox/point-geometry" "^0.1.0"
      "@mapbox/tiny-sdf" "^1.1.0"
      "@mapbox/unitbezier" "^0.0.0"
      "@mapbox/vector-tile" "^1.3.1"
      "@mapbox/whoots-js" "^3.1.0"
      csscolorparser "~1.0.2"
      earcut "^2.1.5"
      esm "^3.0.84"
      geojson-vt "^3.2.1"
      gl-matrix "^3.0.0"
      grid-index "^1.1.0"
      minimist "0.0.8"
      murmurhash-js "^1.0.0"
      pbf "^3.0.5"
      potpack "^1.0.1"
      quickselect "^2.0.0"
      rw "^1.3.3"
      supercluster "^6.0.1"
      tinyqueue "^2.0.0"
      vt-pbf "^3.1.1"
  
  mapbox@1.0.0-beta9:
    version "1.0.0-beta9"
    resolved "https://registry.yarnpkg.com/mapbox/-/mapbox-1.0.0-beta9.tgz#580bbacd9990bbe10f2f729ff4031a3b898d27a4"
    integrity sha1-WAu6zZmQu+EPL3Kf9AMaO4mNJ6Q=
    dependencies:
      es6-promise "^4.0.5"
      rest "^2.0.0"
  
  minimist@0.0.5:
    version "0.0.5"
    resolved "https://registry.yarnpkg.com/minimist/-/minimist-0.0.5.tgz#d7aa327bcecf518f9106ac6b8f003fa3bcea8566"
    integrity sha1-16oye87PUY+RBqxrjwA/o7zqhWY=
  
  minimist@0.0.8:
    version "0.0.8"
    resolved "https://registry.yarnpkg.com/minimist/-/minimist-0.0.8.tgz#857fcabfc3397d2625b8228262e86aa7a011b05d"
    integrity sha1-hX/Kv8M5fSYluCKCYuhqp6ARsF0=
  
  minimist@1.2.0:
    version "1.2.0"
    resolved "https://registry.yarnpkg.com/minimist/-/minimist-1.2.0.tgz#a35008b20f41383eec1fb914f4cd5df79a264284"
    integrity sha1-o1AIsg9BOD7sH7kU9M1d95omQoQ=
  
  mjolnir.js@^2.1.0:
    version "2.1.0"
    resolved "https://registry.yarnpkg.com/mjolnir.js/-/mjolnir.js-2.1.0.tgz#e8a4727e86d8f9352d6b6fe9cdc6faab0dcff15e"
    integrity sha512-XVvwByhXGvgWJs/mFsekE1cmg3l/KrRIqaJ5oO5DFEyG//NbQssPIuFOjKrZYQ4rFkRZRq+FN4EcecUPSGR89g==
    dependencies:
      "@babel/runtime" "^7.0.0"
      hammerjs "^2.0.8"
  
  murmurhash-js@^1.0.0:
    version "1.0.0"
    resolved "https://registry.yarnpkg.com/murmurhash-js/-/murmurhash-js-1.0.0.tgz#b06278e21fc6c37fa5313732b0412bcb6ae15f51"
    integrity sha1-sGJ44h/Gw3+lMTcysEEry2rhX1E=
  
  object-assign@^4.1.1:
    version "4.1.1"
    resolved "https://registry.yarnpkg.com/object-assign/-/object-assign-4.1.1.tgz#2109adc7965887cfc05cbbd442cac8bfbb360863"
    integrity sha1-IQmtx5ZYh8/AXLvUQsrIv7s2CGM=
  
  pbf@^3.0.5:
    version "3.2.0"
    resolved "https://registry.yarnpkg.com/pbf/-/pbf-3.2.0.tgz#e76f9f5114e395c25077ad6fe463b3507d6877fc"
    integrity sha512-98Eh7rsJNJF/Im6XYMLaOW3cLnNyedlOd6hu3iWMD5I7FZGgpw8yN3vQBrmLbLodu7G784Irb9Qsv2yFrxSAGw==
    dependencies:
      ieee754 "^1.1.12"
      resolve-protobuf-schema "^2.1.0"
  
  potpack@^1.0.1:
    version "1.0.1"
    resolved "https://registry.yarnpkg.com/potpack/-/potpack-1.0.1.tgz#d1b1afd89e4c8f7762865ec30bd112ab767e2ebf"
    integrity sha512-15vItUAbViaYrmaB/Pbw7z6qX2xENbFSTA7Ii4tgbPtasxm5v6ryKhKtL91tpWovDJzTiZqdwzhcFBCwiMVdVw==
  
  process-nextick-args@~2.0.0:
    version "2.0.0"
    resolved "https://registry.yarnpkg.com/process-nextick-args/-/process-nextick-args-2.0.0.tgz#a37d732f4271b4ab1ad070d35508e8290788ffaa"
    integrity sha512-MtEC1TqN0EU5nephaJ4rAtThHtC86dNN9qCuEhtshvpVBkAW5ZO7BASN9REnF9eoXGcRub+pFuKEpOHE+HbEMw==
  
  prop-types@^15.5.7, prop-types@^15.6.2:
    version "15.7.2"
    resolved "https://registry.yarnpkg.com/prop-types/-/prop-types-15.7.2.tgz#52c41e75b8c87e72b9d9360e0206b99dcbffa6c5"
    integrity sha512-8QQikdH7//R2vurIJSutZ1smHYTcLpRWEOlHnzcWHmBYrOGUysKwSsrC89BCiFj3CbrfJ/nXFdJepOVrY1GCHQ==
    dependencies:
      loose-envify "^1.4.0"
      object-assign "^4.1.1"
      react-is "^16.8.1"
  
  protocol-buffers-schema@^3.3.1:
    version "3.3.2"
    resolved "https://registry.yarnpkg.com/protocol-buffers-schema/-/protocol-buffers-schema-3.3.2.tgz#00434f608b4e8df54c59e070efeefc37fb4bb859"
    integrity sha512-Xdayp8sB/mU+sUV4G7ws8xtYMGdQnxbeIfLjyO9TZZRJdztBGhlmbI5x1qcY4TG5hBkIKGnc28i7nXxaugu88w==
  
  quickselect@^2.0.0:
    version "2.0.0"
    resolved "https://registry.yarnpkg.com/quickselect/-/quickselect-2.0.0.tgz#f19680a486a5eefb581303e023e98faaf25dd018"
    integrity sha512-RKJ22hX8mHe3Y6wH/N3wCM6BWtjaxIyyUIkpHOvfFnxdI4yD4tBXEBKSbriGujF6jnSVkJrffuo6vxACiSSxIw==
  
  react-is@^16.8.1:
    version "16.8.6"
    resolved "https://registry.yarnpkg.com/react-is/-/react-is-16.8.6.tgz#5bbc1e2d29141c9fbdfed456343fe2bc430a6a16"
    integrity sha512-aUk3bHfZ2bRSVFFbbeVS4i+lNPZr3/WM5jT2J5omUVV1zzcs1nAaf3l51ctA5FFvCRbhrH0bdAsRRQddFJZPtA==
  
  react-map-gl-geocoder@^1.7.0:
    version "1.8.1"
    resolved "https://registry.yarnpkg.com/react-map-gl-geocoder/-/react-map-gl-geocoder-1.8.1.tgz#06df3f460d95b7639477c6801abca24aaf37bb9c"
    integrity sha512-/VLO4fIecLcBriewDV7iOw5TnzvnpClZuML7jIjyyEHg4Brn3B97rAWnrrekqEh1lFdgy5hDLJ4UOKZDcjh2xg==
    dependencies:
      "@mapbox/mapbox-gl-geocoder" "^2.3.0"
      prop-types "^15.6.2"
      viewport-mercator-project "6.1.1"
  
  react-map-gl@^4.0.12:
    version "4.1.2"
    resolved "https://registry.yarnpkg.com/react-map-gl/-/react-map-gl-4.1.2.tgz#02b5d983c4d08be2f2d8e3ea2b58c87e4ac25ed3"
    integrity sha512-ECZs8I0ochmCCg1StmbcHIM/8e3nhWuNptB/KlL0Q67sWYmV5joMZsuj9+jlxjtZ59IDg5ZBbK6Dle7TNMZZTw==
    dependencies:
      "@babel/runtime" "^7.0.0"
      mapbox-gl "~0.53.0"
      mjolnir.js "^2.1.0"
      prop-types "^15.5.7"
      react-virtualized-auto-sizer "^1.0.2"
      viewport-mercator-project "^6.1.0"
  
  react-virtualized-auto-sizer@^1.0.2:
    version "1.0.2"
    resolved "https://registry.yarnpkg.com/react-virtualized-auto-sizer/-/react-virtualized-auto-sizer-1.0.2.tgz#a61dd4f756458bbf63bd895a92379f9b70f803bd"
    integrity sha512-MYXhTY1BZpdJFjUovvYHVBmkq79szK/k7V3MO+36gJkWGkrXKtyr4vCPtpphaTLRAdDNoYEYFZWE8LjN+PIHNg==
  
  readable-stream@^2.2.2:
    version "2.3.6"
    resolved "https://registry.yarnpkg.com/readable-stream/-/readable-stream-2.3.6.tgz#b11c27d88b8ff1fbe070643cf94b0c79ae1b0aaf"
    integrity sha512-tQtKA9WIAhBF3+VLAseyMqZeBjW0AHJoxOtYqSUZNJxauErmLbVm2FW1y+J/YA9dUrAC39ITejlZWhVIwawkKw==
    dependencies:
      core-util-is "~1.0.0"
      inherits "~2.0.3"
      isarray "~1.0.0"
      process-nextick-args "~2.0.0"
      safe-buffer "~5.1.1"
      string_decoder "~1.1.1"
      util-deprecate "~1.0.1"
  
  redeyed@~0.4.0:
    version "0.4.4"
    resolved "https://registry.yarnpkg.com/redeyed/-/redeyed-0.4.4.tgz#37e990a6f2b21b2a11c2e6a48fd4135698cba97f"
    integrity sha1-N+mQpvKyGyoRwuakj9QTVpjLqX8=
    dependencies:
      esprima "~1.0.4"
  
  regenerator-runtime@^0.13.2:
    version "0.13.2"
    resolved "https://registry.yarnpkg.com/regenerator-runtime/-/regenerator-runtime-0.13.2.tgz#32e59c9a6fb9b1a4aff09b4930ca2d4477343447"
    integrity sha512-S/TQAZJO+D3m9xeN1WTI8dLKBBiRgXBlTJvbWjCThHWZj9EvHK70Ff50/tYj2J/fvBY6JtFVwRuazHN2E7M9BA==
  
  resolve-protobuf-schema@^2.1.0:
    version "2.1.0"
    resolved "https://registry.yarnpkg.com/resolve-protobuf-schema/-/resolve-protobuf-schema-2.1.0.tgz#9ca9a9e69cf192bbdaf1006ec1973948aa4a3758"
    integrity sha512-kI5ffTiZWmJaS/huM8wZfEMer1eRd7oJQhDuxeCLe3t7N7mX3z94CN0xPxBQxFYQTSNz9T0i+v6inKqSdK8xrQ==
    dependencies:
      protocol-buffers-schema "^3.3.1"
  
  rest@^2.0.0:
    version "2.0.0"
    resolved "https://registry.yarnpkg.com/rest/-/rest-2.0.0.tgz#6dfadf66a405c49cfbd5b4bd25b59fd29cd861bc"
    integrity sha1-bfrfZqQFxJz71bS9JbWf0pzYYbw=
  
  rw@^1.3.3:
    version "1.3.3"
    resolved "https://registry.yarnpkg.com/rw/-/rw-1.3.3.tgz#3f862dfa91ab766b14885ef4d01124bfda074fb4"
    integrity sha1-P4Yt+pGrdmsUiF700BEkv9oHT7Q=
  
  safe-buffer@~5.1.0, safe-buffer@~5.1.1:
    version "5.1.2"
    resolved "https://registry.yarnpkg.com/safe-buffer/-/safe-buffer-5.1.2.tgz#991ec69d296e0313747d59bdfd2b745c35f8828d"
    integrity sha512-Gd2UZBJDkXlY7GbJxfsE8/nvKkUEU1G38c1siN6QP6a9PT9MmHB8GnpscSmMJSoF8LOIrt8ud/wPtojys4G6+g==
  
  sharkdown@^0.1.0:
    version "0.1.1"
    resolved "https://registry.yarnpkg.com/sharkdown/-/sharkdown-0.1.1.tgz#64484bd0f08f347f8319e9ff947a670f6b48b1b2"
    integrity sha512-exwooSpmo5s45lrexgz6Q0rFQM574wYIX3iDZ7RLLqOb7IAoQZu9nxlZODU972g19sR69OIpKP2cpHTzU+PHIg==
    dependencies:
      cardinal "~0.4.2"
      minimist "0.0.5"
      split "~0.2.10"
  
  split@~0.2.10:
    version "0.2.10"
    resolved "https://registry.yarnpkg.com/split/-/split-0.2.10.tgz#67097c601d697ce1368f418f06cd201cf0521a57"
    integrity sha1-Zwl8YB1pfOE2j0GPBs0gHPBSGlc=
    dependencies:
      through "2"
  
  string_decoder@~1.1.1:
    version "1.1.1"
    resolved "https://registry.yarnpkg.com/string_decoder/-/string_decoder-1.1.1.tgz#9cf1611ba62685d7030ae9e4ba34149c3af03fc8"
    integrity sha512-n/ShnvDi6FHbbVfviro+WojiFzv+s8MPMHBczVePfUpDJLwoLT0ht1l4YwBCbi8pJAveEEdnkHyPyTP/mzRfwg==
    dependencies:
      safe-buffer "~5.1.0"
  
  suggestions@^1.3.2:
    version "1.5.0"
    resolved "https://registry.yarnpkg.com/suggestions/-/suggestions-1.5.0.tgz#41fdf3c2bbe222c5a39f1b35bc6b2bc1abfa0880"
    integrity sha512-XSHBhSWckLCNFY+djiDWIaamB+XWTKk16u6afj3PnTy0U9wgNg4mVEI6BWPSojnkm899SOzJ337z+xhLVeRvzA==
    dependencies:
      fuzzy "^0.1.1"
      xtend "^4.0.0"
  
  supercluster@^6.0.1:
    version "6.0.1"
    resolved "https://registry.yarnpkg.com/supercluster/-/supercluster-6.0.1.tgz#4c0177d96daa195d58a5bad9f55dbf12fb727a4c"
    integrity sha512-NTth/FBFUt9mwW03+Z6Byscex+UHu0utroIe6uXjGu9PrTuWtW70LYv9I1vPSYYIHQL74S5zAkrXrHEk0L7dGA==
    dependencies:
      kdbush "^3.0.0"
  
  through@2:
    version "2.3.8"
    resolved "https://registry.yarnpkg.com/through/-/through-2.3.8.tgz#0dd4c9ffaabc357960b1b724115d7e0e86a2e1f5"
    integrity sha1-DdTJ/6q8NXlgsbckEV1+Doai4fU=
  
  tinyqueue@^2.0.0:
    version "2.0.2"
    resolved "https://registry.yarnpkg.com/tinyqueue/-/tinyqueue-2.0.2.tgz#b4fe66d28a5b503edb99c149f87910059782a0cc"
    integrity sha512-1oUV+ZAQaeaf830ui/p5JZpzGBw46qs1pKHcfqIc6/QxYDQuEmcBLIhiT0xAxLnekz+qxQusubIYk4cAS8TB2A==
  
  typedarray@^0.0.6:
    version "0.0.6"
    resolved "https://registry.yarnpkg.com/typedarray/-/typedarray-0.0.6.tgz#867ac74e3864187b1d3d47d996a78ec5c8830777"
    integrity sha1-hnrHTjhkGHsdPUfZlqeOxciDB3c=
  
  util-deprecate@~1.0.1:
    version "1.0.2"
    resolved "https://registry.yarnpkg.com/util-deprecate/-/util-deprecate-1.0.2.tgz#450d4dc9fa70de732762fbd2d4a28981419a0ccf"
    integrity sha1-RQ1Nyfpw3nMnYvvS1KKJgUGaDM8=
  
  viewport-mercator-project@6.1.1, viewport-mercator-project@^6.1.0:
    version "6.1.1"
    resolved "https://registry.yarnpkg.com/viewport-mercator-project/-/viewport-mercator-project-6.1.1.tgz#d7b2cb3cb772b819f1daab17cf4019102a9102a6"
    integrity sha512-nI0GEmXnESwZxWSJuaQkdCnvOv6yckUfqqFbNB8KWVbQY3eUExVM4ZziqCVVs5mNznLjDF1auj6HLW5D5DKcng==
    dependencies:
      "@babel/runtime" "^7.0.0"
      gl-matrix "^3.0.0"
  
  vt-pbf@^3.1.1:
    version "3.1.1"
    resolved "https://registry.yarnpkg.com/vt-pbf/-/vt-pbf-3.1.1.tgz#b0f627e39a10ce91d943b898ed2363d21899fb82"
    integrity sha512-pHjWdrIoxurpmTcbfBWXaPwSmtPAHS105253P1qyEfSTV2HJddqjM+kIHquaT/L6lVJIk9ltTGc0IxR/G47hYA==
    dependencies:
      "@mapbox/point-geometry" "0.1.0"
      "@mapbox/vector-tile" "^1.3.1"
      pbf "^3.0.5"
  
  wgs84@0.0.0:
    version "0.0.0"
    resolved "https://registry.yarnpkg.com/wgs84/-/wgs84-0.0.0.tgz#34fdc555917b6e57cf2a282ed043710c049cdc76"
    integrity sha1-NP3FVZF7blfPKigu0ENxDASc3HY=
  
  xtend@^4.0.0, xtend@^4.0.1:
    version "4.0.1"
    resolved "https://registry.yarnpkg.com/xtend/-/xtend-4.0.1.tgz#a5c6d532be656e23db820efb943a1f04998d63af"
    integrity sha1-pcbVMr5lbiPbgg77lDofBJmNY68=
